<?xml version="1.0" encoding="UTF-8"?>
<!-- Generated by org.testng.reporters.JUnitXMLReporter -->
<testsuite ignored="0" hostname="DESKTOP-ENMN2A8" failures="0" tests="2" name="Default test" time="15.611" errors="0" timestamp="22 Oct 2022 06:19:16 GMT">
  <testcase classname="com.infy.selenium.crossbrowsertesting.CrossBrowserBasicsTest" name="chromeBrowser" time="8.207"/>
  <testcase classname="com.infy.selenium.crossbrowsertesting.CrossBrowserBasicsTest" name="edgeBrowser" time="7.387"/>
</testsuite> <!-- Default test -->
