<?xml version="1.0" encoding="UTF-8"?>
<!-- Generated by org.testng.reporters.JUnitXMLReporter -->
<testsuite ignored="0" hostname="DESKTOP-ENMN2A8" failures="0" tests="6" name="ChromeTests" time="38.238" errors="0" timestamp="14 Oct 2022 09:04:04 GMT">
  <testcase classname="com.infy.selenium.crossbrowsertesting.CrossBrowserBasicsTest" name="chromeBrowser" time="8.033"/>
  <testcase classname="com.infy.selenium.crossbrowsertesting.CrossBrowserBasicsTest" name="edgeBrowser" time="8.037"/>
  <testcase classname="com.infy.selenium.crossbrowsertesting.CrossBrowserFrameworkTest" name="chromeBrowser" time="2.77"/>
  <testcase classname="com.infy.selenium.crossbrowsertesting.CrossBrowserFrameworkWithBeforeAfterTest" name="launchPage" time="2.058"/>
  <testcase classname="com.infy.selenium.crossbrowsertesting.HeadlessBrowserBasicsTest" name="chromeBrowser" time="7.932"/>
  <testcase classname="com.infy.selenium.crossbrowsertesting.HeadlessBrowserBasicsTest" name="chromeBrowserHeadless" time="7.839"/>
</testsuite> <!-- ChromeTests -->
