<?xml version="1.0" encoding="UTF-8"?>
<!-- Generated by org.testng.reporters.JUnitXMLReporter -->
<testsuite ignored="0" hostname="DESKTOP-ENMN2A8" failures="0" tests="6" name="EdgeTests" time="43.978" errors="0" timestamp="14 Oct 2022 09:03:25 GMT">
  <testcase classname="com.infy.selenium.crossbrowsertesting.CrossBrowserBasicsTest" name="chromeBrowser" time="8.225"/>
  <testcase classname="com.infy.selenium.crossbrowsertesting.CrossBrowserBasicsTest" name="edgeBrowser" time="10.22"/>
  <testcase classname="com.infy.selenium.crossbrowsertesting.CrossBrowserFrameworkTest" name="chromeBrowser" time="4.944"/>
  <testcase classname="com.infy.selenium.crossbrowsertesting.CrossBrowserFrameworkWithBeforeAfterTest" name="launchPage" time="2.194"/>
  <testcase classname="com.infy.selenium.crossbrowsertesting.HeadlessBrowserBasicsTest" name="chromeBrowser" time="8.212"/>
  <testcase classname="com.infy.selenium.crossbrowsertesting.HeadlessBrowserBasicsTest" name="chromeBrowserHeadless" time="7.77"/>
</testsuite> <!-- EdgeTests -->
