<?xml version="1.0" encoding="UTF-8"?>
<testng-results ignored="0" total="2" passed="2" failed="0" skipped="0">
  <reporter-output>
  </reporter-output>
  <suite started-at="2022-10-22T06:19:00Z" name="Default suite" finished-at="2022-10-22T06:19:16Z" duration-ms="15611">
    <groups>
    </groups>
    <test started-at="2022-10-22T06:19:00Z" name="Default test" finished-at="2022-10-22T06:19:16Z" duration-ms="15611">
      <class name="com.infy.selenium.crossbrowsertesting.CrossBrowserBasicsTest">
        <test-method signature="chromeBrowser()[pri:0, instance:com.infy.selenium.crossbrowsertesting.CrossBrowserBasicsTest@cb0755b]" started-at="2022-10-22T06:19:00Z" name="chromeBrowser" finished-at="2022-10-22T06:19:08Z" duration-ms="8207" status="PASS">
          <reporter-output>
          </reporter-output>
        </test-method> <!-- chromeBrowser -->
        <test-method signature="edgeBrowser()[pri:0, instance:com.infy.selenium.crossbrowsertesting.CrossBrowserBasicsTest@cb0755b]" started-at="2022-10-22T06:19:08Z" name="edgeBrowser" finished-at="2022-10-22T06:19:16Z" duration-ms="7387" status="PASS">
          <reporter-output>
          </reporter-output>
        </test-method> <!-- edgeBrowser -->
      </class> <!-- com.infy.selenium.crossbrowsertesting.CrossBrowserBasicsTest -->
    </test> <!-- Default test -->
  </suite> <!-- Default suite -->
</testng-results>
